e:\c++\2dgameengine\2dgameengine\debug\vc143.pdb
e:\c++\2dgameengine\2dgameengine\debug\vc143.idb
e:\c++\2dgameengine\2dgameengine\debug\main.obj
e:\c++\2dgameengine\2dgameengine\debug\imgui_widgets.obj
e:\c++\2dgameengine\2dgameengine\debug\imgui_sdl.obj
e:\c++\2dgameengine\2dgameengine\debug\imgui_draw.obj
e:\c++\2dgameengine\2dgameengine\debug\imgui_demo.obj
e:\c++\2dgameengine\2dgameengine\debug\imgui.obj
e:\c++\2dgameengine\2dgameengine\debug\glm.obj
e:\c++\2dgameengine\2dgameengine\debug\game.obj
e:\c++\2dgameengine\2dgameengine\debug\ecs.obj
e:\c++\2dgameengine\2dgameengine\debug\assetstore.obj
e:\c++\2dgameengine\debug\2dgameengine.exe
e:\c++\2dgameengine\debug\2dgameengine.pdb
e:\c++\2dgameengine\2dgameengine\debug\2dgameengine.ilk
e:\c++\2dgameengine\2dgameengine\debug\logger.obj
e:\c++\2dgameengine\2dgameengine\debug\2dgameengine.tlog\cl.command.1.tlog
e:\c++\2dgameengine\2dgameengine\debug\2dgameengine.tlog\cl.items.tlog
e:\c++\2dgameengine\2dgameengine\debug\2dgameengine.tlog\cl.read.1.tlog
e:\c++\2dgameengine\2dgameengine\debug\2dgameengine.tlog\cl.write.1.tlog
e:\c++\2dgameengine\2dgameengine\debug\2dgameengine.tlog\link.command.1.tlog
e:\c++\2dgameengine\2dgameengine\debug\2dgameengine.tlog\link.read.1.tlog
e:\c++\2dgameengine\2dgameengine\debug\2dgameengine.tlog\link.secondary.1.tlog
e:\c++\2dgameengine\2dgameengine\debug\2dgameengine.tlog\link.write.1.tlog
